In file included from main.cpp:5:
./search_server.h:54:20: error: no member named 'execution' in namespace 'std'; did you mean 'exception'?
        const std::execution::sequenced_policy& policy,
              ~~~~~^~~~~~~~~
                   exception
/Library/Developer/CommandLineTools/SDKs/MacOSX.sdk/usr/include/c++/v1/exception:97:29: note: 'exception' declared here
class _LIBCPP_EXCEPTION_ABI exception
                            ^
In file included from main.cpp:5:
./search_server.h:54:31: error: no type named 'sequenced_policy' in 'std::exception'
        const std::execution::sequenced_policy& policy,
              ~~~~~~~~~~~~~~~~^
./search_server.h:59:20: error: no member named 'execution' in namespace 'std'; did you mean 'exception'?
        const std::execution::parallel_policy& policy,
              ~~~~~^~~~~~~~~
                   exception
/Library/Developer/CommandLineTools/SDKs/MacOSX.sdk/usr/include/c++/v1/exception:97:29: note: 'exception' declared here
class _LIBCPP_EXCEPTION_ABI exception
                            ^
In file included from main.cpp:5:
./search_server.h:59:31: error: no type named 'parallel_policy' in 'std::exception'
        const std::execution::parallel_policy& policy,
              ~~~~~~~~~~~~~~~~^
./search_server.h:75:20: error: no member named 'execution' in namespace 'std'; did you mean 'exception'?
        const std::execution::parallel_policy& policy, 
              ~~~~~^~~~~~~~~
                   exception
/Library/Developer/CommandLineTools/SDKs/MacOSX.sdk/usr/include/c++/v1/exception:97:29: note: 'exception' declared here
class _LIBCPP_EXCEPTION_ABI exception
                            ^
In file included from main.cpp:5:
./search_server.h:75:31: error: no type named 'parallel_policy' in 'std::exception'
        const std::execution::parallel_policy& policy, 
              ~~~~~~~~~~~~~~~~^
./search_server.h:79:20: error: no member named 'execution' in namespace 'std'; did you mean 'exception'?
        const std::execution::sequenced_policy& policy, 
              ~~~~~^~~~~~~~~
                   exception
/Library/Developer/CommandLineTools/SDKs/MacOSX.sdk/usr/include/c++/v1/exception:97:29: note: 'exception' declared here
class _LIBCPP_EXCEPTION_ABI exception
                            ^
In file included from main.cpp:5:
./search_server.h:79:31: error: no type named 'sequenced_policy' in 'std::exception'
        const std::execution::sequenced_policy& policy, 
              ~~~~~~~~~~~~~~~~^
./search_server.h:126:20: error: no member named 'execution' in namespace 'std'; did you mean 'exception'?
        const std::execution::parallel_policy& policy,
              ~~~~~^~~~~~~~~
                   exception
/Library/Developer/CommandLineTools/SDKs/MacOSX.sdk/usr/include/c++/v1/exception:97:29: note: 'exception' declared here
class _LIBCPP_EXCEPTION_ABI exception
                            ^
In file included from main.cpp:5:
./search_server.h:126:31: error: no type named 'parallel_policy' in 'std::exception'
        const std::execution::parallel_policy& policy,
              ~~~~~~~~~~~~~~~~^
./search_server.h:143:16: error: no member named 'execution' in namespace 'std'; did you mean 'exception'?
    const std::execution::parallel_policy& policy,
          ~~~~~^~~~~~~~~
               exception
/Library/Developer/CommandLineTools/SDKs/MacOSX.sdk/usr/include/c++/v1/exception:97:29: note: 'exception' declared here
class _LIBCPP_EXCEPTION_ABI exception
                            ^
In file included from main.cpp:5:
./search_server.h:143:27: error: no type named 'parallel_policy' in 'std::exception'
    const std::execution::parallel_policy& policy,
          ~~~~~~~~~~~~~~~~^
main.cpp:43:66: error: use of undeclared identifier 'execution'; did you mean 'exception'?
        const auto [words, status] = search_server.MatchDocument(execution::par, query, 2);
                                                                 ^~~~~~~~~
                                                                 exception
/Library/Developer/CommandLineTools/SDKs/MacOSX.sdk/usr/include/c++/v1/exception:97:29: note: 'exception' declared here
class _LIBCPP_EXCEPTION_ABI exception
                            ^
main.cpp:43:77: error: no member named 'par' in 'std::exception'
        const auto [words, status] = search_server.MatchDocument(execution::par, query, 2);
                                                                 ~~~~~~~~~~~^
main.cpp:49:66: error: use of undeclared identifier 'execution'; did you mean 'exception'?
        const auto [words, status] = search_server.MatchDocument(execution::par, query, 3);
                                                                 ^~~~~~~~~
                                                                 exception
/Library/Developer/CommandLineTools/SDKs/MacOSX.sdk/usr/include/c++/v1/exception:97:29: note: 'exception' declared here
class _LIBCPP_EXCEPTION_ABI exception
                            ^
main.cpp:49:77: error: no member named 'par' in 'std::exception'
        const auto [words, status] = search_server.MatchDocument(execution::par, query, 3);
                                                                 ~~~~~~~~~~~^
16 errors generated.
In file included from process_queries.cpp:1:
In file included from ./process_queries.h:7:
./search_server.h:54:20: error: no member named 'execution' in namespace 'std'; did you mean 'exception'?
        const std::execution::sequenced_policy& policy,
              ~~~~~^~~~~~~~~
                   exception
/Library/Developer/CommandLineTools/SDKs/MacOSX.sdk/usr/include/c++/v1/exception:97:29: note: 'exception' declared here
class _LIBCPP_EXCEPTION_ABI exception
                            ^
In file included from process_queries.cpp:1:
In file included from ./process_queries.h:7:
./search_server.h:54:31: error: no type named 'sequenced_policy' in 'std::exception'
        const std::execution::sequenced_policy& policy,
              ~~~~~~~~~~~~~~~~^
./search_server.h:59:20: error: no member named 'execution' in namespace 'std'; did you mean 'exception'?
        const std::execution::parallel_policy& policy,
              ~~~~~^~~~~~~~~
                   exception
/Library/Developer/CommandLineTools/SDKs/MacOSX.sdk/usr/include/c++/v1/exception:97:29: note: 'exception' declared here
class _LIBCPP_EXCEPTION_ABI exception
                            ^
In file included from process_queries.cpp:1:
In file included from ./process_queries.h:7:
./search_server.h:59:31: error: no type named 'parallel_policy' in 'std::exception'
        const std::execution::parallel_policy& policy,
              ~~~~~~~~~~~~~~~~^
./search_server.h:75:20: error: no member named 'execution' in namespace 'std'; did you mean 'exception'?
        const std::execution::parallel_policy& policy, 
              ~~~~~^~~~~~~~~
                   exception
/Library/Developer/CommandLineTools/SDKs/MacOSX.sdk/usr/include/c++/v1/exception:97:29: note: 'exception' declared here
class _LIBCPP_EXCEPTION_ABI exception
                            ^
In file included from process_queries.cpp:1:
In file included from ./process_queries.h:7:
./search_server.h:75:31: error: no type named 'parallel_policy' in 'std::exception'
        const std::execution::parallel_policy& policy, 
              ~~~~~~~~~~~~~~~~^
./search_server.h:79:20: error: no member named 'execution' in namespace 'std'; did you mean 'exception'?
        const std::execution::sequenced_policy& policy, 
              ~~~~~^~~~~~~~~
                   exception
/Library/Developer/CommandLineTools/SDKs/MacOSX.sdk/usr/include/c++/v1/exception:97:29: note: 'exception' declared here
class _LIBCPP_EXCEPTION_ABI exception
                            ^
In file included from process_queries.cpp:1:
In file included from ./process_queries.h:7:
./search_server.h:79:31: error: no type named 'sequenced_policy' in 'std::exception'
        const std::execution::sequenced_policy& policy, 
              ~~~~~~~~~~~~~~~~^
./search_server.h:126:20: error: no member named 'execution' in namespace 'std'; did you mean 'exception'?
        const std::execution::parallel_policy& policy,
              ~~~~~^~~~~~~~~
                   exception
/Library/Developer/CommandLineTools/SDKs/MacOSX.sdk/usr/include/c++/v1/exception:97:29: note: 'exception' declared here
class _LIBCPP_EXCEPTION_ABI exception
                            ^
In file included from process_queries.cpp:1:
In file included from ./process_queries.h:7:
./search_server.h:126:31: error: no type named 'parallel_policy' in 'std::exception'
        const std::execution::parallel_policy& policy,
              ~~~~~~~~~~~~~~~~^
./search_server.h:143:16: error: no member named 'execution' in namespace 'std'; did you mean 'exception'?
    const std::execution::parallel_policy& policy,
          ~~~~~^~~~~~~~~
               exception
/Library/Developer/CommandLineTools/SDKs/MacOSX.sdk/usr/include/c++/v1/exception:97:29: note: 'exception' declared here
class _LIBCPP_EXCEPTION_ABI exception
                            ^
In file included from process_queries.cpp:1:
In file included from ./process_queries.h:7:
./search_server.h:143:27: error: no type named 'parallel_policy' in 'std::exception'
    const std::execution::parallel_policy& policy,
          ~~~~~~~~~~~~~~~~^
process_queries.cpp:11:14: error: no member named 'execution' in namespace 'std'; did you mean 'exception'?
        std::execution::par,
        ~~~~~^~~~~~~~~
             exception
/Library/Developer/CommandLineTools/SDKs/MacOSX.sdk/usr/include/c++/v1/exception:97:29: note: 'exception' declared here
class _LIBCPP_EXCEPTION_ABI exception
                            ^
process_queries.cpp:11:25: error: no member named 'par' in 'std::exception'
        std::execution::par,
        ~~~~~~~~~~~~~~~~^
process_queries.cpp:15:51: error: variable 's' cannot be implicitly captured in a lambda with no capture-default specified
            return search_server.FindTopDocuments(s);
                                                  ^
process_queries.cpp:14:45: note: 's' declared here
        [&search_server](const std::string &s) {
                                            ^
process_queries.cpp:14:9: note: lambda expression begins here
        [&search_server](const std::string &s) {
        ^
process_queries.cpp:28:19: error: no member named 'accumulate' in namespace 'std'
    result = std::accumulate(
             ~~~~~^
process_queries.cpp:33:13: error: variable 'acc' cannot be implicitly captured in a lambda with no capture-default specified
            acc.insert(acc.end(), items.begin(), items.end());
            ^
process_queries.cpp:32:18: note: 'acc' declared here
        [](auto &acc, auto &items) {
                 ^
process_queries.cpp:32:9: note: lambda expression begins here
        [](auto &acc, auto &items) {
        ^
process_queries.cpp:33:24: error: variable 'acc' cannot be implicitly captured in a lambda with no capture-default specified
            acc.insert(acc.end(), items.begin(), items.end());
                       ^
process_queries.cpp:32:18: note: 'acc' declared here
        [](auto &acc, auto &items) {
                 ^
process_queries.cpp:32:9: note: lambda expression begins here
        [](auto &acc, auto &items) {
        ^
process_queries.cpp:33:35: error: variable 'items' cannot be implicitly captured in a lambda with no capture-default specified
            acc.insert(acc.end(), items.begin(), items.end());
                                  ^
process_queries.cpp:32:29: note: 'items' declared here
        [](auto &acc, auto &items) {
                            ^
process_queries.cpp:32:9: note: lambda expression begins here
        [](auto &acc, auto &items) {
        ^
fatal error: too many errors emitted, stopping now [-ferror-limit=]
20 errors generated.
In file included from request_queue.cpp:1:
In file included from ./request_queue.h:2:
./search_server.h:54:20: error: no member named 'execution' in namespace 'std'; did you mean 'exception'?
        const std::execution::sequenced_policy& policy,
              ~~~~~^~~~~~~~~
                   exception
/Library/Developer/CommandLineTools/SDKs/MacOSX.sdk/usr/include/c++/v1/exception:97:29: note: 'exception' declared here
class _LIBCPP_EXCEPTION_ABI exception
                            ^
In file included from request_queue.cpp:1:
In file included from ./request_queue.h:2:
./search_server.h:54:31: error: no type named 'sequenced_policy' in 'std::exception'
        const std::execution::sequenced_policy& policy,
              ~~~~~~~~~~~~~~~~^
./search_server.h:59:20: error: no member named 'execution' in namespace 'std'; did you mean 'exception'?
        const std::execution::parallel_policy& policy,
              ~~~~~^~~~~~~~~
                   exception
/Library/Developer/CommandLineTools/SDKs/MacOSX.sdk/usr/include/c++/v1/exception:97:29: note: 'exception' declared here
class _LIBCPP_EXCEPTION_ABI exception
                            ^
In file included from request_queue.cpp:1:
In file included from ./request_queue.h:2:
./search_server.h:59:31: error: no type named 'parallel_policy' in 'std::exception'
        const std::execution::parallel_policy& policy,
              ~~~~~~~~~~~~~~~~^
./search_server.h:75:20: error: no member named 'execution' in namespace 'std'; did you mean 'exception'?
        const std::execution::parallel_policy& policy, 
              ~~~~~^~~~~~~~~
                   exception
/Library/Developer/CommandLineTools/SDKs/MacOSX.sdk/usr/include/c++/v1/exception:97:29: note: 'exception' declared here
class _LIBCPP_EXCEPTION_ABI exception
                            ^
In file included from request_queue.cpp:1:
In file included from ./request_queue.h:2:
./search_server.h:75:31: error: no type named 'parallel_policy' in 'std::exception'
        const std::execution::parallel_policy& policy, 
              ~~~~~~~~~~~~~~~~^
./search_server.h:79:20: error: no member named 'execution' in namespace 'std'; did you mean 'exception'?
        const std::execution::sequenced_policy& policy, 
              ~~~~~^~~~~~~~~
                   exception
/Library/Developer/CommandLineTools/SDKs/MacOSX.sdk/usr/include/c++/v1/exception:97:29: note: 'exception' declared here
class _LIBCPP_EXCEPTION_ABI exception
                            ^
In file included from request_queue.cpp:1:
In file included from ./request_queue.h:2:
./search_server.h:79:31: error: no type named 'sequenced_policy' in 'std::exception'
        const std::execution::sequenced_policy& policy, 
              ~~~~~~~~~~~~~~~~^
./search_server.h:126:20: error: no member named 'execution' in namespace 'std'; did you mean 'exception'?
        const std::execution::parallel_policy& policy,
              ~~~~~^~~~~~~~~
                   exception
/Library/Developer/CommandLineTools/SDKs/MacOSX.sdk/usr/include/c++/v1/exception:97:29: note: 'exception' declared here
class _LIBCPP_EXCEPTION_ABI exception
                            ^
In file included from request_queue.cpp:1:
In file included from ./request_queue.h:2:
./search_server.h:126:31: error: no type named 'parallel_policy' in 'std::exception'
        const std::execution::parallel_policy& policy,
              ~~~~~~~~~~~~~~~~^
./search_server.h:143:16: error: no member named 'execution' in namespace 'std'; did you mean 'exception'?
    const std::execution::parallel_policy& policy,
          ~~~~~^~~~~~~~~
               exception
/Library/Developer/CommandLineTools/SDKs/MacOSX.sdk/usr/include/c++/v1/exception:97:29: note: 'exception' declared here
class _LIBCPP_EXCEPTION_ABI exception
                            ^
In file included from request_queue.cpp:1:
In file included from ./request_queue.h:2:
./search_server.h:143:27: error: no type named 'parallel_policy' in 'std::exception'
    const std::execution::parallel_policy& policy,
          ~~~~~~~~~~~~~~~~^
12 errors generated.
In file included from search_server.cpp:1:
./search_server.h:54:20: error: no member named 'execution' in namespace 'std'; did you mean 'exception'?
        const std::execution::sequenced_policy& policy,
              ~~~~~^~~~~~~~~
                   exception
/Library/Developer/CommandLineTools/SDKs/MacOSX.sdk/usr/include/c++/v1/exception:97:29: note: 'exception' declared here
class _LIBCPP_EXCEPTION_ABI exception
                            ^
In file included from search_server.cpp:1:
./search_server.h:54:31: error: no type named 'sequenced_policy' in 'std::exception'
        const std::execution::sequenced_policy& policy,
              ~~~~~~~~~~~~~~~~^
./search_server.h:59:20: error: no member named 'execution' in namespace 'std'; did you mean 'exception'?
        const std::execution::parallel_policy& policy,
              ~~~~~^~~~~~~~~
                   exception
/Library/Developer/CommandLineTools/SDKs/MacOSX.sdk/usr/include/c++/v1/exception:97:29: note: 'exception' declared here
class _LIBCPP_EXCEPTION_ABI exception
                            ^
In file included from search_server.cpp:1:
./search_server.h:59:31: error: no type named 'parallel_policy' in 'std::exception'
        const std::execution::parallel_policy& policy,
              ~~~~~~~~~~~~~~~~^
./search_server.h:75:20: error: no member named 'execution' in namespace 'std'; did you mean 'exception'?
        const std::execution::parallel_policy& policy, 
              ~~~~~^~~~~~~~~
                   exception
/Library/Developer/CommandLineTools/SDKs/MacOSX.sdk/usr/include/c++/v1/exception:97:29: note: 'exception' declared here
class _LIBCPP_EXCEPTION_ABI exception
                            ^
In file included from search_server.cpp:1:
./search_server.h:75:31: error: no type named 'parallel_policy' in 'std::exception'
        const std::execution::parallel_policy& policy, 
              ~~~~~~~~~~~~~~~~^
./search_server.h:79:20: error: no member named 'execution' in namespace 'std'; did you mean 'exception'?
        const std::execution::sequenced_policy& policy, 
              ~~~~~^~~~~~~~~
                   exception
/Library/Developer/CommandLineTools/SDKs/MacOSX.sdk/usr/include/c++/v1/exception:97:29: note: 'exception' declared here
class _LIBCPP_EXCEPTION_ABI exception
                            ^
In file included from search_server.cpp:1:
./search_server.h:79:31: error: no type named 'sequenced_policy' in 'std::exception'
        const std::execution::sequenced_policy& policy, 
              ~~~~~~~~~~~~~~~~^
./search_server.h:126:20: error: no member named 'execution' in namespace 'std'; did you mean 'exception'?
        const std::execution::parallel_policy& policy,
              ~~~~~^~~~~~~~~
                   exception
/Library/Developer/CommandLineTools/SDKs/MacOSX.sdk/usr/include/c++/v1/exception:97:29: note: 'exception' declared here
class _LIBCPP_EXCEPTION_ABI exception
                            ^
In file included from search_server.cpp:1:
./search_server.h:126:31: error: no type named 'parallel_policy' in 'std::exception'
        const std::execution::parallel_policy& policy,
              ~~~~~~~~~~~~~~~~^
./search_server.h:143:16: error: no member named 'execution' in namespace 'std'; did you mean 'exception'?
    const std::execution::parallel_policy& policy,
          ~~~~~^~~~~~~~~
               exception
/Library/Developer/CommandLineTools/SDKs/MacOSX.sdk/usr/include/c++/v1/exception:97:29: note: 'exception' declared here
class _LIBCPP_EXCEPTION_ABI exception
                            ^
In file included from search_server.cpp:1:
./search_server.h:143:27: error: no type named 'parallel_policy' in 'std::exception'
    const std::execution::parallel_policy& policy,
          ~~~~~~~~~~~~~~~~^
search_server.cpp:36:24: error: no matching member function for call to 'count'
    return stop_words_.count(word) > 0;
           ~~~~~~~~~~~~^~~~~
/Library/Developer/CommandLineTools/SDKs/MacOSX.sdk/usr/include/c++/v1/set:786:20: note: candidate function not viable: no known conversion from 'const std::__1::string_view' (aka 'const basic_string_view<char>') to 'const std::__1::set<std::__1::basic_string<char>>::key_type' (aka 'const std::__1::basic_string<char>') for 1st argument
    size_type      count(const key_type& __k) const
                   ^
/Library/Developer/CommandLineTools/SDKs/MacOSX.sdk/usr/include/c++/v1/set:792:5: note: candidate template ignored: requirement '__is_transparent<std::__1::less<std::__1::basic_string<char, std::__1::char_traits<char>, std::__1::allocator<char>>>, std::__1::basic_string_view<char, std::__1::char_traits<char>>, void>::value' was not satisfied [with _K2 = std::__1::basic_string_view<char>]
    count(const _K2& __k) const                    {return __tree_.__count_multi(__k);}
    ^
search_server.cpp:57:19: error: no matching member function for call to 'push_back'
            words.push_back(word);
            ~~~~~~^~~~~~~~~
/Library/Developer/CommandLineTools/SDKs/MacOSX.sdk/usr/include/c++/v1/vector:713:36: note: candidate function not viable: no known conversion from 'std::__1::string_view' (aka 'basic_string_view<char>') to 'const std::__1::__vector_base<std::__1::basic_string<char>, std::__1::allocator<std::__1::basic_string<char>>>::value_type' (aka 'const std::__1::basic_string<char>') for 1st argument
    _LIBCPP_INLINE_VISIBILITY void push_back(const_reference __x);
                                   ^
/Library/Developer/CommandLineTools/SDKs/MacOSX.sdk/usr/include/c++/v1/vector:716:36: note: candidate function not viable: no known conversion from 'std::__1::string_view' (aka 'basic_string_view<char>') to 'std::__1::vector<std::__1::basic_string<char>>::value_type' (aka 'std::__1::basic_string<char>') for 1st argument
    _LIBCPP_INLINE_VISIBILITY void push_back(value_type&& __x);
                                   ^
search_server.cpp:121:16: error: no member named 'execution' in namespace 'std'; did you mean 'exception'?
    const std::execution::sequenced_policy& policy,
          ~~~~~^~~~~~~~~
               exception
/Library/Developer/CommandLineTools/SDKs/MacOSX.sdk/usr/include/c++/v1/exception:97:29: note: 'exception' declared here
class _LIBCPP_EXCEPTION_ABI exception
                            ^
search_server.cpp:121:27: error: no type named 'sequenced_policy' in 'std::exception'
    const std::execution::sequenced_policy& policy,
          ~~~~~~~~~~~~~~~~^
search_server.cpp:131:16: error: no member named 'execution' in namespace 'std'; did you mean 'exception'?
    const std::execution::parallel_policy& policy,
          ~~~~~^~~~~~~~~
               exception
/Library/Developer/CommandLineTools/SDKs/MacOSX.sdk/usr/include/c++/v1/exception:97:29: note: 'exception' declared here
class _LIBCPP_EXCEPTION_ABI exception
                            ^
search_server.cpp:131:27: error: no type named 'parallel_policy' in 'std::exception'
    const std::execution::parallel_policy& policy,
          ~~~~~~~~~~~~~~~~^
search_server.cpp:296:24: error: no viable conversion from 'std::__1::basic_string_view<char>' to 'const std::__1::string' (aka 'const basic_string<char>')
    for (const string& word : SplitIntoWords(text)) {
                       ^    ~
/Library/Developer/CommandLineTools/SDKs/MacOSX.sdk/usr/include/c++/v1/string:798:5: note: candidate constructor not viable: no known conversion from 'std::__1::basic_string_view<char>' to 'const std::__1::basic_string<char> &' for 1st argument
    basic_string(const basic_string& __str);
    ^
/Library/Developer/CommandLineTools/SDKs/MacOSX.sdk/usr/include/c++/v1/string:803:5: note: candidate constructor not viable: no known conversion from 'std::__1::basic_string_view<char>' to 'std::__1::basic_string<char> &&' for 1st argument
    basic_string(basic_string&& __str)
    ^
/Library/Developer/CommandLineTools/SDKs/MacOSX.sdk/usr/include/c++/v1/string:816:5: note: candidate constructor template not viable: no known conversion from 'std::__1::basic_string_view<char>' to 'const char *' for 1st argument
    basic_string(const _CharT* __s) : __r_(__default_init_tag(), __default_init_tag()) {
    ^
/Library/Developer/CommandLineTools/SDKs/MacOSX.sdk/usr/include/c++/v1/string:867:5: note: candidate constructor not viable: no known conversion from 'std::__1::basic_string_view<char>' to 'initializer_list<char>' for 1st argument
    basic_string(initializer_list<_CharT> __il);
    ^
/Library/Developer/CommandLineTools/SDKs/MacOSX.sdk/usr/include/c++/v1/string:791:40: note: explicit constructor is not a candidate
    _LIBCPP_INLINE_VISIBILITY explicit basic_string(const allocator_type& __a)
                                       ^
/Library/Developer/CommandLineTools/SDKs/MacOSX.sdk/usr/include/c++/v1/string:853:18: note: explicit constructor is not a candidate
        explicit basic_string(const _Tp& __t);
                 ^
/Library/Developer/CommandLineTools/SDKs/MacOSX.sdk/usr/include/c++/v1/vector:625:54: note: selected 'begin' function with iterator type 'std::__1::vector<std::__1::basic_string_view<char>>::iterator' (aka '__wrap_iter<std::__1::basic_string_view<char> *>')
    _LIBCPP_INLINE_VISIBILITY iterator               begin() _NOEXCEPT;
                                                     ^
fatal error: too many errors emitted, stopping now [-ferror-limit=]
20 errors generated.
